<?xml version="1.0" encoding="UTF-8"?>
<!-- Generated by org.testng.reporters.JUnitXMLReporter -->
<testsuite ignored="0" hostname="DEVELOPER7" failures="0" tests="11" name="Default test" time="10.041" errors="0" timestamp="2023-05-25T12:13:52 IST">
  <testcase classname="LeadScore.LeadScorePurchase" name="getpurchaseprobscore" time="2.202"/>
  <testcase classname="LeadScore.LeadScorePurchase" name="getpurchaseprobscore" time="0.739"/>
  <testcase classname="LeadScore.LeadScorePurchase" name="getpurchaseprobscore" time="0.725"/>
  <testcase classname="LeadScore.LeadScorePurchase" name="getpurchaseprobscore" time="0.719"/>
  <testcase classname="LeadScore.LeadScorePurchase" name="getpurchaseprobscore" time="0.715"/>
  <testcase classname="LeadScore.LeadScorePurchase" name="getpurchaseprobscore" time="0.723"/>
  <testcase classname="LeadScore.LeadScorePurchase" name="getpurchaseprobscore" time="0.746"/>
  <testcase classname="LeadScore.LeadScorePurchase" name="getpurchaseprobscore" time="0.727"/>
  <testcase classname="LeadScore.LeadScorePurchase" name="getpurchaseprobscore" time="0.735"/>
  <testcase classname="LeadScore.LeadScorePurchase" name="getpurchaseprobscore" time="0.724"/>
  <testcase classname="LeadScore.LeadScorePurchase" name="getpurchaseprobscore" time="0.711"/>
</testsuite> <!-- Default test -->
