<?xml version="1.0" encoding="UTF-8"?>
<!-- Generated by org.testng.reporters.JUnitXMLReporter -->
<testsuite ignored="0" hostname="DEVELOPER7" failures="0" tests="33" name="Test" time="46.658" errors="0" timestamp="2023-05-25T12:19:15 IST">
  <testcase classname="LeadScore.LeadScoreSales" name="getsalesprobscore" time="2.593"/>
  <testcase classname="LeadScore.LeadScoreSales" name="getsalesprobscore" time="0.825"/>
  <testcase classname="LeadScore.LeadScoreSales" name="getsalesprobscore" time="0.924"/>
  <testcase classname="LeadScore.LeadScoreSales" name="getsalesprobscore" time="0.809"/>
  <testcase classname="LeadScore.LeadScoreSales" name="getsalesprobscore" time="0.82"/>
  <testcase classname="LeadScore.LeadScoreSales" name="getsalesprobscore" time="0.825"/>
  <testcase classname="LeadScore.LeadScoreSales" name="getsalesprobscore" time="0.909"/>
  <testcase classname="LeadScore.LeadScoreSales" name="getsalesprobscore" time="0.918"/>
  <testcase classname="LeadScore.LeadScoreSales" name="getsalesprobscore" time="0.941"/>
  <testcase classname="LeadScore.LeadScoreSales" name="getsalesprobscore" time="0.818"/>
  <testcase classname="LeadScore.LeadScoreSales" name="getsalesprobscore" time="0.901"/>
  <testcase classname="PriceReco.PriceReco" name="getcarprice" time="2.322"/>
  <testcase classname="PriceReco.PriceReco" name="getcarprice" time="2.233"/>
  <testcase classname="PriceReco.PriceReco" name="getcarprice" time="2.151"/>
  <testcase classname="PriceReco.PriceReco" name="getcarprice" time="2.311"/>
  <testcase classname="PriceReco.PriceReco" name="getcarprice" time="2.088"/>
  <testcase classname="PriceReco.PriceReco" name="getcarprice" time="2.141"/>
  <testcase classname="PriceReco.PriceReco" name="getcarprice" time="1.938"/>
  <testcase classname="PriceReco.PriceReco" name="getcarprice" time="2.164"/>
  <testcase classname="PriceReco.PriceReco" name="getcarprice" time="2.693"/>
  <testcase classname="PriceReco.PriceReco" name="getcarprice" time="2.738"/>
  <testcase classname="PriceReco.PriceReco" name="getcarprice" time="2.441"/>
  <testcase classname="LeadScore.LeadScorePurchase" name="getpurchaseprobscore" time="0.959"/>
  <testcase classname="LeadScore.LeadScorePurchase" name="getpurchaseprobscore" time="0.809"/>
  <testcase classname="LeadScore.LeadScorePurchase" name="getpurchaseprobscore" time="0.826"/>
  <testcase classname="LeadScore.LeadScorePurchase" name="getpurchaseprobscore" time="0.813"/>
  <testcase classname="LeadScore.LeadScorePurchase" name="getpurchaseprobscore" time="0.911"/>
  <testcase classname="LeadScore.LeadScorePurchase" name="getpurchaseprobscore" time="0.817"/>
  <testcase classname="LeadScore.LeadScorePurchase" name="getpurchaseprobscore" time="0.818"/>
  <testcase classname="LeadScore.LeadScorePurchase" name="getpurchaseprobscore" time="0.912"/>
  <testcase classname="LeadScore.LeadScorePurchase" name="getpurchaseprobscore" time="0.809"/>
  <testcase classname="LeadScore.LeadScorePurchase" name="getpurchaseprobscore" time="0.819"/>
  <testcase classname="LeadScore.LeadScorePurchase" name="getpurchaseprobscore" time="0.818"/>
</testsuite> <!-- Test -->
